2021.01.07, 23:23:31.0928 UTC -> {"approval_date":"2021-01-07T23:23:31.923Z","status_id":1,"products":[]}
2021.01.07, 23:25:02.0316 UTC -> {"approval_date":"2021-01-07T23:25:02.304Z","status_id":1,"products":[]}
2021.01.07, 23:25:06.0339 UTC -> {"approval_date":"2021-01-07T23:25:06.336Z","status_id":1,"products":[]}
2021.01.07, 23:25:13.0924 UTC -> {"approval_date":"2021-01-07T23:25:13.918Z","status_id":1,"products":[]}
2021.01.07, 23:25:16.0149 UTC -> {"approval_date":"2021-01-07T23:25:16.144Z","status_id":1,"products":[]}
2021.01.07, 23:25:59.0060 UTC -> {"approval_date":"2021-01-07T23:25:59.051Z","status_id":1,"products":[]}
2021.01.07, 23:26:00.0455 UTC -> {"approval_date":"2021-01-07T23:26:00.451Z","status_id":1,"products":[]}
2021.01.07, 23:26:23.0763 UTC -> {"approval_date":"2021-01-07T23:26:23.758Z","status_id":1,"products":[]}
2021.01.07, 23:26:25.0045 UTC -> {"approval_date":"2021-01-07T23:26:25.041Z","status_id":1,"products":[]}
2021.01.07, 23:26:43.0851 UTC -> {"approval_date":"2021-01-07T23:26:43.845Z","status_id":1,"products":[]}
2021.01.07, 23:26:48.0067 UTC -> {"approval_date":"2021-01-07T23:26:48.063Z","status_id":1,"products":[]}
2021.01.07, 23:28:53.0911 UTC -> {"buyer_login":"loggginggn","buyer_email":"f@f.pl","buyer_phone_number":"123456789","approval_date":"2021-01-07T23:28:53.905Z","status_id":1,"products":[{"productId":2,"numberOfItems":1},{"productId":4,"numberOfItems":1},{"productId":5,"numberOfItems":1}]}
2021.01.07, 23:45:17.0615 UTC -> {"buyer_login":"","buyer_email":"","buyer_phone_number":"","approval_date":"2021-01-07T23:45:17.605Z","status_id":1,"products":[{"productId":4,"numberOfItems":4}]}
2021.01.10, 19:51:09.0190 UTC -> {"buyer_login":"fewew","buyer_email":"fwee","buyer_phone_number":"","approval_date":"2021-01-10T19:51:09.133Z","status_id":1,"products":[{"productId":1,"numberOfItems":1},{"productId":2,"numberOfItems":1}]}
2021.01.10, 19:51:15.0209 UTC -> {"buyer_login":"fewew","buyer_email":"fwee","buyer_phone_number":"","approval_date":"2021-01-10T19:51:15.203Z","status_id":1,"products":[{"productId":1,"numberOfItems":1},{"productId":2,"numberOfItems":1}]}
2021.01.10, 19:51:15.0865 UTC -> {"buyer_login":"fewew","buyer_email":"fwee","buyer_phone_number":"","approval_date":"2021-01-10T19:51:15.862Z","status_id":1,"products":[{"productId":1,"numberOfItems":1},{"productId":2,"numberOfItems":1}]}
2021.01.10, 19:59:01.0114 UTC -> {"buyer_login":"gfgf","buyer_email":"gfgfg","buyer_phone_number":"gfgfgf","approval_date":"2021-01-10T19:59:01.104Z","status_id":1,"products":[{"productId":1,"numberOfItems":1},{"productId":2,"numberOfItems":1}]}
2021.01.10, 19:59:02.0382 UTC -> {"buyer_login":"gfgf","buyer_email":"gfgfg","buyer_phone_number":"gfgfgf","approval_date":"2021-01-10T19:59:02.377Z","status_id":1,"products":[{"productId":1,"numberOfItems":1},{"productId":2,"numberOfItems":1}]}
2021.01.10, 19:59:03.0259 UTC -> {"buyer_login":"gfgf","buyer_email":"gfgfg","buyer_phone_number":"gfgfgf","approval_date":"2021-01-10T19:59:03.254Z","status_id":1,"products":[{"productId":1,"numberOfItems":1},{"productId":2,"numberOfItems":1}]}
2021.01.10, 19:59:03.0755 UTC -> {"buyer_login":"gfgf","buyer_email":"gfgfg","buyer_phone_number":"gfgfgf","approval_date":"2021-01-10T19:59:03.750Z","status_id":1,"products":[{"productId":1,"numberOfItems":1},{"productId":2,"numberOfItems":1}]}
2021.01.10, 19:59:04.0230 UTC -> {"buyer_login":"gfgf","buyer_email":"gfgfg","buyer_phone_number":"gfgfgf","approval_date":"2021-01-10T19:59:04.226Z","status_id":1,"products":[{"productId":1,"numberOfItems":1},{"productId":2,"numberOfItems":1}]}
2021.01.10, 19:59:13.0723 UTC -> {"buyer_login":"","buyer_email":"gfgfg","buyer_phone_number":"gfgfgf","approval_date":"2021-01-10T19:59:13.714Z","status_id":1,"products":[{"productId":1,"numberOfItems":1},{"productId":2,"numberOfItems":1}]}
2021.01.10, 19:59:14.0237 UTC -> {"buyer_login":"","buyer_email":"gfgfg","buyer_phone_number":"gfgfgf","approval_date":"2021-01-10T19:59:14.232Z","status_id":1,"products":[{"productId":1,"numberOfItems":1},{"productId":2,"numberOfItems":1}]}
2021.01.10, 20:01:05.0122 UTC -> {"buyer_login":"fefw","buyer_email":"","buyer_phone_number":"","approval_date":"2021-01-10T20:01:05.113Z","status_id":1,"products":[{"productId":1,"numberOfItems":1},{"productId":2,"numberOfItems":1}]}
2021.01.10, 20:02:40.0760 UTC -> {"buyer_login":"fdfsd","buyer_email":"fdf","buyer_phone_number":"1234","approval_date":"2021-01-10T20:02:40.747Z","status_id":1,"products":[{"productId":1,"numberOfItems":1},{"productId":2,"numberOfItems":1}]}
2021.01.10, 20:03:56.0807 UTC -> {"buyer_login":"fdfsd","buyer_email":"fdf","buyer_phone_number":"1234","approval_date":"2021-01-10T20:03:56.801Z","status_id":1,"products":[{"productId":1,"numberOfItems":1},{"productId":2,"numberOfItems":1}]}
2021.01.10, 20:04:01.0463 UTC -> {"buyer_login":"fdfsd","buyer_email":"fdf","buyer_phone_number":"123456789","approval_date":"2021-01-10T20:04:01.458Z","status_id":1,"products":[{"productId":1,"numberOfItems":1},{"productId":2,"numberOfItems":1}]}
2021.01.10, 20:04:02.0808 UTC -> {"buyer_login":"fdfsd","buyer_email":"fdf","buyer_phone_number":"123456789","approval_date":"2021-01-10T20:04:02.800Z","status_id":1,"products":[{"productId":1,"numberOfItems":1},{"productId":2,"numberOfItems":1}]}
2021.01.10, 20:04:07.0583 UTC -> {"buyer_login":"fdfsd","buyer_email":"fdf@p.pl","buyer_phone_number":"123456789","approval_date":"2021-01-10T20:04:07.579Z","status_id":1,"products":[{"productId":1,"numberOfItems":1},{"productId":2,"numberOfItems":1}]}
2021.01.10, 20:06:09.0499 UTC -> {"buyer_login":"gf","buyer_email":"f","buyer_phone_number":"123","approval_date":"2021-01-10T20:06:09.488Z","status_id":1,"products":[{"productId":1,"numberOfItems":1},{"productId":2,"numberOfItems":1}]}
2021.01.11, 18:09:43.0331 UTC -> {"buyer_login":"Nowy loginek","buyer_email":"fdf@p.pl","buyer_phone_number":"123456789","approval_date":"2021-01-11T18:09:41.607Z","status_id":1,"products":[{"productId":1,"numberOfItems":5},{"productId":2,"numberOfItems":5}]}
